# JRE version: OpenJDK Runtime Environment (21.0+35) (build 21+35-2513)
# Java VM: OpenJDK 64-Bit Server VM (21+35-2513, mixed mode, emulated-client, sharing, tiered, compressed oops, compressed class ptrs, g1 gc, windows-amd64)
GC Precious Log:
 CardTable entry size: 512
 Card Set container configuration: InlinePtr #cards 4 size 8 Array Of Cards #cards 16 size 48 Howl #buckets 8 coarsen threshold 3686 Howl Bitmap #cards 512 size 80 coarsen threshold 460 Card regions per heap region 1 cards per card region 4096
 CPUs: 8 total, 8 available
 Memory: 16026M
 Large Page Support: Disabled
 NUMA Support: Disabled
 Compressed Oops: Enabled (Zero based)
 Heap Region Size: 2M
 Heap Min Capacity: 8M
 Heap Initial Capacity: 252M
 Heap Max Capacity: 4008M
 Pre-touch: Disabled
 Parallel Workers: 8
 Concurrent Workers: 2
 Concurrent Refinement Workers: 8
 Periodic GC: Disabled
Heap:
 garbage-first heap   total 59392K, used 22434K [0x0000000705800000, 0x0000000800000000)
  region size 2048K, 6 young (12288K), 2 survivors (4096K)
 Metaspace       used 36654K, committed 37312K, reserved 1114112K
  class space    used 5011K, committed 5312K, reserved 1048576K
GC Heap History (14 events):
Event: 1.091 GC heap before
{Heap before GC invocations=0 (full 0):
 garbage-first heap   total 258048K, used 22528K [0x0000000705800000, 0x0000000800000000)
  region size 2048K, 11 young (22528K), 0 survivors (0K)
 Metaspace       used 5693K, committed 5888K, reserved 1114112K
  class space    used 628K, committed 704K, reserved 1048576K
}
Event: 1.097 GC heap after
{Heap after GC invocations=1 (full 0):
 garbage-first heap   total 258048K, used 4741K [0x0000000705800000, 0x0000000800000000)
  region size 2048K, 2 young (4096K), 2 survivors (4096K)
 Metaspace       used 5693K, committed 5888K, reserved 1114112K
  class space    used 628K, committed 704K, reserved 1048576K
}
Event: 2.466 GC heap before
{Heap before GC invocations=1 (full 0):
 garbage-first heap   total 258048K, used 35461K [0x0000000705800000, 0x0000000800000000)
  region size 2048K, 18 young (36864K), 2 survivors (4096K)
 Metaspace       used 13403K, committed 13696K, reserved 1114112K
  class space    used 1867K, committed 1984K, reserved 1048576K
}
Event: 2.472 GC heap after
{Heap after GC invocations=2 (full 0):
 garbage-first heap   total 258048K, used 8515K [0x0000000705800000, 0x0000000800000000)
  region size 2048K, 2 young (4096K), 2 survivors (4096K)
 Metaspace       used 13403K, committed 13696K, reserved 1114112K
  class space    used 1867K, committed 1984K, reserved 1048576K
}
Event: 2.854 GC heap before
{Heap before GC invocations=2 (full 0):
 garbage-first heap   total 258048K, used 47427K [0x0000000705800000, 0x0000000800000000)
  region size 2048K, 22 young (45056K), 2 survivors (4096K)
 Metaspace       used 21157K, committed 21504K, reserved 1114112K
  class space    used 2900K, committed 3072K, reserved 1048576K
}
Event: 2.859 GC heap after
{Heap after GC invocations=3 (full 0):
 garbage-first heap   total 258048K, used 10712K [0x0000000705800000, 0x0000000800000000)
  region size 2048K, 3 young (6144K), 3 survivors (6144K)
 Metaspace       used 21157K, committed 21504K, reserved 1114112K
  class space    used 2900K, committed 3072K, reserved 1048576K
}
Event: 3.339 GC heap before
{Heap before GC invocations=4 (full 0):
 garbage-first heap   total 49152K, used 47576K [0x0000000705800000, 0x0000000800000000)
  region size 2048K, 21 young (43008K), 3 survivors (6144K)
 Metaspace       used 25605K, committed 26112K, reserved 1114112K
  class space    used 3550K, committed 3776K, reserved 1048576K
}
Event: 3.346 GC heap after
{Heap after GC invocations=5 (full 0):
 garbage-first heap   total 59392K, used 13459K [0x0000000705800000, 0x0000000800000000)
  region size 2048K, 5 young (10240K), 5 survivors (10240K)
 Metaspace       used 25605K, committed 26112K, reserved 1114112K
  class space    used 3550K, committed 3776K, reserved 1048576K
}
Event: 3.631 GC heap before
{Heap before GC invocations=5 (full 0):
 garbage-first heap   total 59392K, used 38035K [0x0000000705800000, 0x0000000800000000)
  region size 2048K, 17 young (34816K), 5 survivors (10240K)
 Metaspace       used 29246K, committed 29824K, reserved 1114112K
  class space    used 4035K, committed 4288K, reserved 1048576K
}
Event: 3.640 GC heap after
{Heap after GC invocations=6 (full 0):
 garbage-first heap   total 59392K, used 15145K [0x0000000705800000, 0x0000000800000000)
  region size 2048K, 3 young (6144K), 3 survivors (6144K)
 Metaspace       used 29246K, committed 29824K, reserved 1114112K
  class space    used 4035K, committed 4288K, reserved 1048576K
}
Event: 16.989 GC heap before
{Heap before GC invocations=6 (full 0):
 garbage-first heap   total 59392K, used 41769K [0x0000000705800000, 0x0000000800000000)
  region size 2048K, 17 young (34816K), 3 survivors (6144K)
 Metaspace       used 34645K, committed 35264K, reserved 1114112K
  class space    used 4726K, committed 4992K, reserved 1048576K
}
Event: 16.994 GC heap after
{Heap after GC invocations=7 (full 0):
 garbage-first heap   total 59392K, used 17935K [0x0000000705800000, 0x0000000800000000)
  region size 2048K, 3 young (6144K), 3 survivors (6144K)
 Metaspace       used 34645K, committed 35264K, reserved 1114112K
  class space    used 4726K, committed 4992K, reserved 1048576K
}
Event: 17.040 GC heap before
{Heap before GC invocations=7 (full 0):
 garbage-first heap   total 59392K, used 19983K [0x0000000705800000, 0x0000000800000000)
  region size 2048K, 5 young (10240K), 3 survivors (6144K)
 Metaspace       used 35474K, committed 36096K, reserved 1114112K
  class space    used 4854K, committed 5184K, reserved 1048576K
}
Event: 17.042 GC heap after
{Heap after GC invocations=8 (full 0):
 garbage-first heap   total 59392K, used 18338K [0x0000000705800000, 0x0000000800000000)
  region size 2048K, 2 young (4096K), 2 survivors (4096K)
 Metaspace       used 35474K, committed 36096K, reserved 1114112K
  class space    used 4854K, committed 5184K, reserved 1048576K
}

